<?xml version="1.0" encoding="UTF-8"?>
<testsuite name="com.pamu.gymbro.domain.usecase.workout.SaveWorkoutPlanUseCaseTest" tests="3" skipped="0" failures="0" errors="0" timestamp="2026-07-11T03:21:16.373Z" hostname="thinkpad-E14" time="0.119">
  <properties/>
  <testcase name="invoke with empty name returns failure" classname="com.pamu.gymbro.domain.usecase.workout.SaveWorkoutPlanUseCaseTest" time="0.005"/>
  <testcase name="invoke with no days returns failure" classname="com.pamu.gymbro.domain.usecase.workout.SaveWorkoutPlanUseCaseTest" time="0.008"/>
  <testcase name="invoke with valid plan saves it" classname="com.pamu.gymbro.domain.usecase.workout.SaveWorkoutPlanUseCaseTest" time="0.106"/>
  <system-out><![CDATA[]]></system-out>
  <system-err><![CDATA[]]></system-err>
</testsuite>
