<?xml version="1.0" encoding="UTF-8"?>
<testsuite name="com.pamu.gymbro.domain.usecase.exercise.GetExercisesUseCaseTest" tests="2" skipped="0" failures="0" errors="0" timestamp="2026-07-11T03:21:15.967Z" hostname="thinkpad-E14" time="0.098">
  <properties/>
  <testcase name="invoke with categoryId returns exercises by category" classname="com.pamu.gymbro.domain.usecase.exercise.GetExercisesUseCaseTest" time="0.093"/>
  <testcase name="invoke with null categoryId returns all exercises" classname="com.pamu.gymbro.domain.usecase.exercise.GetExercisesUseCaseTest" time="0.005"/>
  <system-out><![CDATA[]]></system-out>
  <system-err><![CDATA[]]></system-err>
</testsuite>
