<?xml version="1.0" encoding="UTF-8"?>
<testsuite name="com.pamu.gymbro.data.mapper.WorkoutMapperTest" tests="2" skipped="0" failures="0" errors="0" timestamp="2026-07-11T03:21:12.057Z" hostname="thinkpad-E14" time="0.006">
  <properties/>
  <testcase name="WorkoutPlan toEntity maps correctly" classname="com.pamu.gymbro.data.mapper.WorkoutMapperTest" time="0.004"/>
  <testcase name="WorkoutPlanEntity toDomain maps correctly" classname="com.pamu.gymbro.data.mapper.WorkoutMapperTest" time="0.0"/>
  <system-out><![CDATA[]]></system-out>
  <system-err><![CDATA[]]></system-err>
</testsuite>
