<?xml version="1.0" encoding="UTF-8"?>
<testsuite name="com.pamu.gymbro.data.mapper.ExerciseMapperTest" tests="2" skipped="0" failures="0" errors="0" timestamp="2026-07-11T03:21:12.048Z" hostname="thinkpad-E14" time="0.004">
  <properties/>
  <testcase name="ExerciseEntity toDomain maps correctly" classname="com.pamu.gymbro.data.mapper.ExerciseMapperTest" time="0.002"/>
  <testcase name="Exercise toEntity maps correctly" classname="com.pamu.gymbro.data.mapper.ExerciseMapperTest" time="0.0"/>
  <system-out><![CDATA[]]></system-out>
  <system-err><![CDATA[]]></system-err>
</testsuite>
